[2024-11-21 00:33:30] [INFO] User ID: 547623719 logged out successfully
[2024-11-21 00:33:38] [INFO] Failed login attempt for: can
[2024-11-21 00:33:50] [INFO] Successful login attempt for user: cnylmz735@gmail.com
[2024-11-21 00:33:50] [INFO] User logged in successfully: cnylmz735@gmail.com
[2024-11-21 00:58:58] [INFO] User ID: 547623719 logged out successfully
[2024-11-21 00:59:10] [INFO] Successful login attempt for user: osmananlatici@gmail.com
[2024-11-21 00:59:10] [INFO] User logged in successfully: osmananlatici@gmail.com
[2024-11-21 00:59:41] [INFO] User ID: 469349221 logged out successfully
[2024-11-21 00:59:48] [INFO] Failed login attempt for: can
[2024-11-21 00:59:52] [INFO] Successful login attempt for user: cnylmz735@gmail.com
[2024-11-21 00:59:52] [INFO] User logged in successfully: cnylmz735@gmail.com
[2024-11-21 01:48:16] [INFO] User ID: 547623719 logged out successfully
[2024-11-21 01:48:30] [INFO] Successful login attempt for user: osmananlatici@gmail.com
[2024-11-21 01:48:30] [INFO] User logged in successfully: osmananlatici@gmail.com
[2024-11-21 02:31:10] [INFO] User ID: 469349221 logged out successfully
[2024-11-21 02:31:17] [INFO] Failed login attempt for: can
[2024-11-21 02:31:20] [INFO] Successful login attempt for user: cnylmz735@gmail.com
[2024-11-21 02:31:20] [INFO] User logged in successfully: cnylmz735@gmail.com
[2024-11-21 02:49:06] [INFO] User ID: 547623719 logged out successfully
[2024-11-21 02:49:14] [INFO] Successful login attempt for user: osmananlatici@gmail.com
[2024-11-21 02:49:14] [INFO] User logged in successfully: osmananlatici@gmail.com
[2024-11-21 02:51:37] [INFO] User ID: 469349221 logged out successfully
[2024-11-21 02:51:45] [INFO] Successful login attempt for user: cnylmz735@gmail.com
[2024-11-21 02:51:45] [INFO] User logged in successfully: cnylmz735@gmail.com
[2024-11-21 02:56:22] [INFO] User ID: 547623719 logged out successfully
[2024-11-21 02:56:32] [INFO] Successful login attempt for user: osmananlatici@gmail.com
[2024-11-21 02:56:32] [INFO] User logged in successfully: osmananlatici@gmail.com
[2024-11-21 03:04:08] [INFO] User ID: 469349221 logged out successfully
[2024-11-21 03:04:23] [INFO] Verification email sent to: yeni@a.a
[2024-11-21 04:33:34] [INFO] User ID: 996326876 logged out successfully
[2024-11-21 04:33:45] [INFO] Successful login attempt for user: cnylmz735@gmail.com
[2024-11-21 04:33:45] [INFO] User logged in successfully: cnylmz735@gmail.com
[2024-11-21 04:59:02] [INFO] User ID: 547623719 logged out successfully
[2024-11-21 04:59:11] [INFO] Successful login attempt for user: osmananlatici@gmail.com
[2024-11-21 04:59:11] [INFO] User logged in successfully: osmananlatici@gmail.com
[2024-11-21 05:09:02] [INFO] User ID: 469349221 logged out successfully
[2024-11-21 05:09:46] [INFO] Successful login attempt for user: cnylmz735@gmail.com
[2024-11-21 05:09:46] [INFO] User logged in successfully: cnylmz735@gmail.com
[2024-11-21 05:23:18] [INFO] User ID: 547623719 logged out successfully
[2024-11-21 05:23:28] [INFO] Successful login attempt for user: osmananlatici@gmail.com
[2024-11-21 05:23:28] [INFO] User logged in successfully: osmananlatici@gmail.com
[2024-11-21 05:28:26] [INFO] User ID: 469349221 logged out successfully
[2024-11-21 05:28:35] [INFO] Failed login attempt for: can
[2024-11-21 05:28:40] [INFO] Successful login attempt for user: cnylmz735@gmail.com
[2024-11-21 05:28:40] [INFO] User logged in successfully: cnylmz735@gmail.com
[2024-11-21 05:38:22] [INFO] Successful login attempt for user: osmananlatici@gmail.com
[2024-11-21 05:38:22] [INFO] User logged in successfully: osmananlatici@gmail.com
[2024-11-21 12:19:46] [INFO] User ID: 547623719 logged out successfully
[2024-11-21 12:20:48] [INFO] Successful login attempt for user: cnylmz735@gmail.com
[2024-11-21 12:20:48] [INFO] User logged in successfully: cnylmz735@gmail.com
[2024-11-21 12:33:20] [INFO] Verification email sent to: osman@os.man
[2024-11-21 12:36:32] [INFO] Verification email sent to: dene@dene.me
